  Zombie.cpp
  c:\program files (x86)\microsoft directx sdk (june 2010)\include\dinput.h: DIRECTINPUT_VERSION undefined. Defaulting to version 0x0800
e:\tailieu\hk7\game\mainproject\version1.8\game\game\enemy.h(13): warning C4250: 'Enemy': inherits 'MovableObject::MovableObject::update' via dominance
  e:\tailieu\hk7\game\mainproject\version1.8\game\game\movableobject.h(7): note: see declaration of 'MovableObject::update'
e:\tailieu\hk7\game\mainproject\version1.8\game\game\enemy.h(13): warning C4250: 'Enemy': inherits 'MovableObject::MovableObject::draw' via dominance
  e:\tailieu\hk7\game\mainproject\version1.8\game\game\movableobject.h(8): note: see declaration of 'MovableObject::draw'
e:\tailieu\hk7\game\mainproject\version1.8\game\game\zombie.cpp(24): warning C4244: '=': conversion from 'double' to 'float', possible loss of data
e:\tailieu\hk7\game\mainproject\version1.8\game\game\zombie.cpp(31): warning C4305: '=': truncation from 'double' to 'float'
  WhipAttackable.cpp
  c:\program files (x86)\microsoft directx sdk (june 2010)\include\dinput.h: DIRECTINPUT_VERSION undefined. Defaulting to version 0x0800
e:\tailieu\hk7\game\mainproject\version1.8\game\game\whipattackable.cpp(15): warning C4244: '=': conversion from 'float' to 'int', possible loss of data
e:\tailieu\hk7\game\mainproject\version1.8\game\game\whipattackable.cpp(16): warning C4244: '=': conversion from 'float' to 'int', possible loss of data
  Whip.cpp
  c:\program files (x86)\microsoft directx sdk (june 2010)\include\dinput.h: DIRECTINPUT_VERSION undefined. Defaulting to version 0x0800
e:\tailieu\hk7\game\mainproject\version1.8\game\game\whip.cpp(49): warning C4244: '=': conversion from 'LONG' to 'float', possible loss of data
e:\tailieu\hk7\game\mainproject\version1.8\game\game\whip.cpp(50): warning C4244: '=': conversion from 'LONG' to 'float', possible loss of data
  Vampire_Bat.cpp
  c:\program files (x86)\microsoft directx sdk (june 2010)\include\dinput.h: DIRECTINPUT_VERSION undefined. Defaulting to version 0x0800
e:\tailieu\hk7\game\mainproject\version1.8\game\game\enemy.h(13): warning C4250: 'Enemy': inherits 'MovableObject::MovableObject::update' via dominance
  e:\tailieu\hk7\game\mainproject\version1.8\game\game\movableobject.h(7): note: see declaration of 'MovableObject::update'
e:\tailieu\hk7\game\mainproject\version1.8\game\game\enemy.h(13): warning C4250: 'Enemy': inherits 'MovableObject::MovableObject::draw' via dominance
  e:\tailieu\hk7\game\mainproject\version1.8\game\game\movableobject.h(8): note: see declaration of 'MovableObject::draw'
e:\tailieu\hk7\game\mainproject\version1.8\game\game\vampire_bat.cpp(39): warning C4305: '=': truncation from 'double' to 'float'
e:\tailieu\hk7\game\mainproject\version1.8\game\game\vampire_bat.cpp(62): warning C4244: 'initializing': conversion from 'float' to 'int', possible loss of data
e:\tailieu\hk7\game\mainproject\version1.8\game\game\vampire_bat.cpp(63): warning C4244: 'initializing': conversion from 'float' to 'int', possible loss of data
e:\tailieu\hk7\game\mainproject\version1.8\game\game\vampire_bat.cpp(67): warning C4244: '-=': conversion from 'float' to 'int', possible loss of data
e:\tailieu\hk7\game\mainproject\version1.8\game\game\vampire_bat.cpp(78): warning C4244: '=': conversion from 'int' to 'float', possible loss of data
  TileMap.cpp
e:\tailieu\hk7\game\mainproject\version1.8\game\game\tilemap.cpp(35): warning C4244: '=': conversion from 'float' to 'int', possible loss of data
  Texture.cpp
e:\tailieu\hk7\game\mainproject\version1.8\game\game\texture.cpp(45): warning C4244: 'argument': conversion from 'int' to 'FLOAT', possible loss of data
e:\tailieu\hk7\game\mainproject\version1.8\game\game\texture.cpp(55): warning C4244: 'argument': conversion from 'int' to 'FLOAT', possible loss of data
  SweptAABB.cpp
  c:\program files (x86)\microsoft directx sdk (june 2010)\include\dinput.h: DIRECTINPUT_VERSION undefined. Defaulting to version 0x0800
e:\tailieu\hk7\game\mainproject\version1.8\game\game\sweptaabb.cpp(31): warning C4244: '=': conversion from 'float' to 'int', possible loss of data
e:\tailieu\hk7\game\mainproject\version1.8\game\game\sweptaabb.cpp(32): warning C4244: '=': conversion from 'float' to 'int', possible loss of data
e:\tailieu\hk7\game\mainproject\version1.8\game\game\sweptaabb.cpp(89): warning C4244: '=': conversion from 'float' to 'int', possible loss of data
e:\tailieu\hk7\game\mainproject\version1.8\game\game\sweptaabb.cpp(90): warning C4244: '=': conversion from 'float' to 'int', possible loss of data
e:\tailieu\hk7\game\mainproject\version1.8\game\game\sweptaabb.cpp(171): warning C4244: '=': conversion from 'int' to 'float', possible loss of data
e:\tailieu\hk7\game\mainproject\version1.8\game\game\sweptaabb.cpp(173): warning C4244: '=': conversion from 'int' to 'float', possible loss of data
e:\tailieu\hk7\game\mainproject\version1.8\game\game\sweptaabb.cpp(182): warning C4244: '=': conversion from 'int' to 'float', possible loss of data
e:\tailieu\hk7\game\mainproject\version1.8\game\game\sweptaabb.cpp(184): warning C4244: '=': conversion from 'int' to 'float', possible loss of data
  Stair.cpp
  c:\program files (x86)\microsoft directx sdk (june 2010)\include\dinput.h: DIRECTINPUT_VERSION undefined. Defaulting to version 0x0800
e:\tailieu\hk7\game\mainproject\version1.8\game\game\stair.cpp(17): warning C4244: 'initializing': conversion from 'float' to 'int', possible loss of data
e:\tailieu\hk7\game\mainproject\version1.8\game\game\stair.cpp(18): warning C4244: 'initializing': conversion from 'float' to 'int', possible loss of data
e:\tailieu\hk7\game\mainproject\version1.8\game\game\stair.cpp(28): warning C4244: 'initializing': conversion from 'float' to 'int', possible loss of data
e:\tailieu\hk7\game\mainproject\version1.8\game\game\stair.cpp(29): warning C4244: 'initializing': conversion from 'float' to 'int', possible loss of data
  Stage.cpp
  c:\program files (x86)\microsoft directx sdk (june 2010)\include\dinput.h: DIRECTINPUT_VERSION undefined. Defaulting to version 0x0800
e:\tailieu\hk7\game\mainproject\version1.8\game\game\stage.cpp(31): warning C4244: '=': conversion from 'int' to 'float', possible loss of data
e:\tailieu\hk7\game\mainproject\version1.8\game\game\stage.cpp(32): warning C4244: '=': conversion from 'int' to 'float', possible loss of data
e:\tailieu\hk7\game\mainproject\version1.8\game\game\stage.cpp(34): warning C4244: '=': conversion from 'int' to 'float', possible loss of data
e:\tailieu\hk7\game\mainproject\version1.8\game\game\stage.cpp(35): warning C4244: '=': conversion from 'int' to 'float', possible loss of data
e:\tailieu\hk7\game\mainproject\version1.8\game\game\stage.cpp(40): warning C4244: '=': conversion from 'int' to 'float', possible loss of data
e:\tailieu\hk7\game\mainproject\version1.8\game\game\stage.cpp(41): warning C4244: '=': conversion from 'int' to 'float', possible loss of data
e:\tailieu\hk7\game\mainproject\version1.8\game\game\stage.cpp(43): warning C4244: '=': conversion from 'int' to 'float', possible loss of data
e:\tailieu\hk7\game\mainproject\version1.8\game\game\stage.cpp(44): warning C4244: '=': conversion from 'int' to 'float', possible loss of data
  SpriteManager.cpp
  Sprite.cpp
  Simon.cpp
  c:\program files (x86)\microsoft directx sdk (june 2010)\include\dinput.h: DIRECTINPUT_VERSION undefined. Defaulting to version 0x0800
e:\tailieu\hk7\game\mainproject\version1.8\game\game\simon.cpp(60): warning C4244: '=': conversion from 'double' to 'float', possible loss of data
e:\tailieu\hk7\game\mainproject\version1.8\game\game\simon.cpp(163): warning C4244: 'initializing': conversion from 'float' to 'int', possible loss of data
e:\tailieu\hk7\game\mainproject\version1.8\game\game\simon.cpp(174): warning C4244: '=': conversion from 'int' to 'float', possible loss of data
e:\tailieu\hk7\game\mainproject\version1.8\game\game\simon.cpp(184): warning C4244: 'argument': conversion from 'float' to 'int', possible loss of data
e:\tailieu\hk7\game\mainproject\version1.8\game\game\simon.cpp(252): warning C4244: '=': conversion from 'int' to 'float', possible loss of data
e:\tailieu\hk7\game\mainproject\version1.8\game\game\simon.cpp(259): warning C4244: '=': conversion from 'int' to 'float', possible loss of data
e:\tailieu\hk7\game\mainproject\version1.8\game\game\simon.cpp(265): warning C4244: '=': conversion from 'int' to 'float', possible loss of data
e:\tailieu\hk7\game\mainproject\version1.8\game\game\simon.cpp(266): warning C4244: '=': conversion from 'int' to 'float', possible loss of data
e:\tailieu\hk7\game\mainproject\version1.8\game\game\simon.cpp(281): warning C4244: '=': conversion from 'double' to 'float', possible loss of data
e:\tailieu\hk7\game\mainproject\version1.8\game\game\simon.cpp(368): warning C4244: 'argument': conversion from 'float' to 'int', possible loss of data
e:\tailieu\hk7\game\mainproject\version1.8\game\game\simon.cpp(377): warning C4244: 'argument': conversion from 'float' to 'int', possible loss of data
e:\tailieu\hk7\game\mainproject\version1.8\game\game\simon.cpp(410): warning C4305: '=': truncation from 'double' to 'float'
e:\tailieu\hk7\game\mainproject\version1.8\game\game\simon.cpp(423): warning C4244: 'initializing': conversion from 'float' to 'int', possible loss of data
e:\tailieu\hk7\game\mainproject\version1.8\game\game\simon.cpp(424): warning C4244: 'initializing': conversion from 'float' to 'int', possible loss of data
e:\tailieu\hk7\game\mainproject\version1.8\game\game\simon.cpp(437): warning C4244: 'initializing': conversion from 'float' to 'int', possible loss of data
  RectF.cpp
e:\tailieu\hk7\game\mainproject\version1.8\game\game\rectf.cpp(15): warning C4244: 'return': conversion from 'float' to 'int', possible loss of data
e:\tailieu\hk7\game\mainproject\version1.8\game\game\rectf.cpp(20): warning C4244: 'return': conversion from 'float' to 'int', possible loss of data
e:\tailieu\hk7\game\mainproject\version1.8\game\game\rectf.cpp(25): warning C4244: 'return': conversion from 'float' to 'int', possible loss of data
e:\tailieu\hk7\game\mainproject\version1.8\game\game\rectf.cpp(30): warning C4244: 'return': conversion from 'float' to 'int', possible loss of data
  QuadTreeNode.cpp
  c:\program files (x86)\microsoft directx sdk (june 2010)\include\dinput.h: DIRECTINPUT_VERSION undefined. Defaulting to version 0x0800
  QuadTree.cpp
  c:\program files (x86)\microsoft directx sdk (june 2010)\include\dinput.h: DIRECTINPUT_VERSION undefined. Defaulting to version 0x0800
  Panther.cpp
  c:\program files (x86)\microsoft directx sdk (june 2010)\include\dinput.h: DIRECTINPUT_VERSION undefined. Defaulting to version 0x0800
e:\tailieu\hk7\game\mainproject\version1.8\game\game\enemy.h(13): warning C4250: 'Enemy': inherits 'MovableObject::MovableObject::update' via dominance
  e:\tailieu\hk7\game\mainproject\version1.8\game\game\movableobject.h(7): note: see declaration of 'MovableObject::update'
e:\tailieu\hk7\game\mainproject\version1.8\game\game\enemy.h(13): warning C4250: 'Enemy': inherits 'MovableObject::MovableObject::draw' via dominance
  e:\tailieu\hk7\game\mainproject\version1.8\game\game\movableobject.h(8): note: see declaration of 'MovableObject::draw'
  ObjectsFilter.cpp
  c:\program files (x86)\microsoft directx sdk (june 2010)\include\dinput.h: DIRECTINPUT_VERSION undefined. Defaulting to version 0x0800
  Number.cpp
  MovableObject.cpp
  c:\program files (x86)\microsoft directx sdk (june 2010)\include\dinput.h: DIRECTINPUT_VERSION undefined. Defaulting to version 0x0800
e:\tailieu\hk7\game\mainproject\version1.8\game\game\movableobject.cpp(30): warning C4305: '=': truncation from 'double' to 'float'
  Map.cpp
  c:\program files (x86)\microsoft directx sdk (june 2010)\include\dinput.h: DIRECTINPUT_VERSION undefined. Defaulting to version 0x0800
e:\tailieu\hk7\game\mainproject\version1.8\game\game\enemy.h(13): warning C4250: 'Enemy': inherits 'MovableObject::MovableObject::update' via dominance
  e:\tailieu\hk7\game\mainproject\version1.8\game\game\movableobject.h(7): note: see declaration of 'MovableObject::update'
e:\tailieu\hk7\game\mainproject\version1.8\game\game\enemy.h(13): warning C4250: 'Enemy': inherits 'MovableObject::MovableObject::draw' via dominance
  e:\tailieu\hk7\game\mainproject\version1.8\game\game\movableobject.h(8): note: see declaration of 'MovableObject::draw'
e:\tailieu\hk7\game\mainproject\version1.8\game\game\map.cpp(120): warning C4244: '=': conversion from 'int' to 'float', possible loss of data
e:\tailieu\hk7\game\mainproject\version1.8\game\game\map.cpp(121): warning C4244: '=': conversion from 'int' to 'float', possible loss of data
e:\tailieu\hk7\game\mainproject\version1.8\game\game\map.cpp(122): warning C4244: '=': conversion from 'int' to 'float', possible loss of data
e:\tailieu\hk7\game\mainproject\version1.8\game\game\map.cpp(123): warning C4244: '=': conversion from 'int' to 'float', possible loss of data
e:\tailieu\hk7\game\mainproject\version1.8\game\game\map.cpp(149): warning C4018: '<': signed/unsigned mismatch
e:\tailieu\hk7\game\mainproject\version1.8\game\game\map.cpp(205): warning C4018: '<': signed/unsigned mismatch
  Generating Code...
  Compiling...
  MAIN.cpp
  c:\program files (x86)\microsoft directx sdk (june 2010)\include\dinput.h: DIRECTINPUT_VERSION undefined. Defaulting to version 0x0800
  Keyboard.cpp
  c:\program files (x86)\microsoft directx sdk (june 2010)\include\dinput.h: DIRECTINPUT_VERSION undefined. Defaulting to version 0x0800
  HitEffect2.cpp
  c:\program files (x86)\microsoft directx sdk (june 2010)\include\dinput.h: DIRECTINPUT_VERSION undefined. Defaulting to version 0x0800
  HitEffect.cpp
  c:\program files (x86)\microsoft directx sdk (june 2010)\include\dinput.h: DIRECTINPUT_VERSION undefined. Defaulting to version 0x0800
e:\tailieu\hk7\game\mainproject\version1.8\game\game\hiteffect.cpp(32): warning C4244: '=': conversion from 'int' to 'float', possible loss of data
e:\tailieu\hk7\game\mainproject\version1.8\game\game\hiteffect.cpp(35): warning C4244: '=': conversion from 'int' to 'float', possible loss of data
e:\tailieu\hk7\game\mainproject\version1.8\game\game\hiteffect.cpp(36): warning C4244: '=': conversion from 'int' to 'float', possible loss of data
  Graphics.cpp
  GObject.cpp
  c:\program files (x86)\microsoft directx sdk (june 2010)\include\dinput.h: DIRECTINPUT_VERSION undefined. Defaulting to version 0x0800
e:\tailieu\hk7\game\mainproject\version1.8\game\game\gobject.cpp(26): warning C4244: 'initializing': conversion from 'float' to 'int', possible loss of data
e:\tailieu\hk7\game\mainproject\version1.8\game\game\gobject.cpp(36): warning C4244: '=': conversion from 'int' to 'float', possible loss of data
e:\tailieu\hk7\game\mainproject\version1.8\game\game\gobject.cpp(39): warning C4244: 'argument': conversion from 'float' to 'int', possible loss of data
e:\tailieu\hk7\game\mainproject\version1.8\game\game\gobject.cpp(70): warning C4305: '=': truncation from 'double' to 'float'
e:\tailieu\hk7\game\mainproject\version1.8\game\game\gobject.cpp(108): warning C4244: '=': conversion from 'int' to 'float', possible loss of data
  Gate1.cpp
  c:\program files (x86)\microsoft directx sdk (june 2010)\include\dinput.h: DIRECTINPUT_VERSION undefined. Defaulting to version 0x0800
  GameWindow.cpp
e:\tailieu\hk7\game\mainproject\version1.8\game\game\gamewindow.cpp(53): warning C4101: 'hdc': unreferenced local variable
e:\tailieu\hk7\game\mainproject\version1.8\game\game\gamewindow.cpp(52): warning C4101: 'ps': unreferenced local variable
e:\tailieu\hk7\game\mainproject\version1.8\game\game\gamewindow.cpp(51): warning C4101: 'wmEvent': unreferenced local variable
e:\tailieu\hk7\game\mainproject\version1.8\game\game\gamewindow.cpp(51): warning C4101: 'wmId': unreferenced local variable
  Game.cpp
  c:\program files (x86)\microsoft directx sdk (june 2010)\include\dinput.h: DIRECTINPUT_VERSION undefined. Defaulting to version 0x0800
e:\tailieu\hk7\game\mainproject\version1.8\game\game\enemy.h(13): warning C4250: 'Enemy': inherits 'MovableObject::MovableObject::update' via dominance
  e:\tailieu\hk7\game\mainproject\version1.8\game\game\movableobject.h(7): note: see declaration of 'MovableObject::update'
e:\tailieu\hk7\game\mainproject\version1.8\game\game\enemy.h(13): warning C4250: 'Enemy': inherits 'MovableObject::MovableObject::draw' via dominance
  e:\tailieu\hk7\game\mainproject\version1.8\game\game\movableobject.h(8): note: see declaration of 'MovableObject::draw'
  GameTime.cpp
  GameStatus.cpp
  c:\program files (x86)\microsoft directx sdk (june 2010)\include\dinput.h: DIRECTINPUT_VERSION undefined. Defaulting to version 0x0800
  Enemy.cpp
  c:\program files (x86)\microsoft directx sdk (june 2010)\include\dinput.h: DIRECTINPUT_VERSION undefined. Defaulting to version 0x0800
e:\tailieu\hk7\game\mainproject\version1.8\game\game\enemy.h(13): warning C4250: 'Enemy': inherits 'MovableObject::MovableObject::update' via dominance
  e:\tailieu\hk7\game\mainproject\version1.8\game\game\movableobject.h(7): note: see declaration of 'MovableObject::update'
e:\tailieu\hk7\game\mainproject\version1.8\game\game\enemy.h(13): warning C4250: 'Enemy': inherits 'MovableObject::MovableObject::draw' via dominance
  e:\tailieu\hk7\game\mainproject\version1.8\game\game\movableobject.h(8): note: see declaration of 'MovableObject::draw'
e:\tailieu\hk7\game\mainproject\version1.8\game\game\enemy.cpp(26): warning C4305: '=': truncation from 'double' to 'float'
e:\tailieu\hk7\game\mainproject\version1.8\game\game\enemy.cpp(31): warning C4244: '=': conversion from 'double' to 'float', possible loss of data
  Door.cpp
  c:\program files (x86)\microsoft directx sdk (june 2010)\include\dinput.h: DIRECTINPUT_VERSION undefined. Defaulting to version 0x0800
  DelayTime.cpp
  ChangeStage.cpp
  c:\program files (x86)\microsoft directx sdk (june 2010)\include\dinput.h: DIRECTINPUT_VERSION undefined. Defaulting to version 0x0800
e:\tailieu\hk7\game\mainproject\version1.8\game\game\changestage.cpp(14): warning C4244: '=': conversion from 'int' to 'float', possible loss of data
  CandleSmall.cpp
  c:\program files (x86)\microsoft directx sdk (june 2010)\include\dinput.h: DIRECTINPUT_VERSION undefined. Defaulting to version 0x0800
  Camera.cpp
  c:\program files (x86)\microsoft directx sdk (june 2010)\include\dinput.h: DIRECTINPUT_VERSION undefined. Defaulting to version 0x0800
e:\tailieu\hk7\game\mainproject\version1.8\game\game\enemy.h(13): warning C4250: 'Enemy': inherits 'MovableObject::MovableObject::update' via dominance
  e:\tailieu\hk7\game\mainproject\version1.8\game\game\movableobject.h(7): note: see declaration of 'MovableObject::update'
e:\tailieu\hk7\game\mainproject\version1.8\game\game\enemy.h(13): warning C4250: 'Enemy': inherits 'MovableObject::MovableObject::draw' via dominance
  e:\tailieu\hk7\game\mainproject\version1.8\game\game\movableobject.h(8): note: see declaration of 'MovableObject::draw'
e:\tailieu\hk7\game\mainproject\version1.8\game\game\camera.cpp(84): warning C4018: '<': signed/unsigned mismatch
  BigFire.cpp
  c:\program files (x86)\microsoft directx sdk (june 2010)\include\dinput.h: DIRECTINPUT_VERSION undefined. Defaulting to version 0x0800
  Animation.cpp
  ActiveVampireBat.cpp
  c:\program files (x86)\microsoft directx sdk (june 2010)\include\dinput.h: DIRECTINPUT_VERSION undefined. Defaulting to version 0x0800
e:\tailieu\hk7\game\mainproject\version1.8\game\game\enemy.h(13): warning C4250: 'Enemy': inherits 'MovableObject::MovableObject::update' via dominance
  e:\tailieu\hk7\game\mainproject\version1.8\game\game\movableobject.h(7): note: see declaration of 'MovableObject::update'
e:\tailieu\hk7\game\mainproject\version1.8\game\game\enemy.h(13): warning C4250: 'Enemy': inherits 'MovableObject::MovableObject::draw' via dominance
  e:\tailieu\hk7\game\mainproject\version1.8\game\game\movableobject.h(8): note: see declaration of 'MovableObject::draw'
  Generating Code...
  Game.vcxproj -> E:\TAILIEU\HK7\Game\MainProject\Version1.8\Game\Debug\Game.exe
  Game.vcxproj -> E:\TAILIEU\HK7\Game\MainProject\Version1.8\Game\Debug\Game.pdb (Partial PDB)
